<?xml version="1.0" encoding="UTF-8"?>
<testsuite name="MainTest" tests="1" skipped="0" failures="0" errors="0" timestamp="2022-11-24T10:09:02" hostname="LAPTOP-KJ06NUB9" time="0.024">
  <properties/>
  <testcase name="subtraction()" classname="MainTest" time="0.024"/>
  <system-out><![CDATA[]]></system-out>
  <system-err><![CDATA[]]></system-err>
</testsuite>
